# JRE version: Java(TM) SE Runtime Environment (8.0_201-b09) (build 1.8.0_201-b09)
# Java VM: Java HotSpot(TM) 64-Bit Server VM (25.201-b09 mixed mode windows-amd64 compressed oops)
Heap:
 PSYoungGen      total 13312K, used 10331K [0x00000000eb580000, 0x00000000ece00000, 0x0000000100000000)
  eden space 8704K, 65% used [0x00000000eb580000,0x00000000ebb187b8,0x00000000ebe00000)
  from space 4608K, 99% used [0x00000000ec400000,0x00000000ec87e498,0x00000000ec880000)
  to   space 6144K, 0% used [0x00000000ebe00000,0x00000000ebe00000,0x00000000ec400000)
 ParOldGen       total 11264K, used 6274K [0x00000000c2000000, 0x00000000c2b00000, 0x00000000eb580000)
  object space 11264K, 55% used [0x00000000c2000000,0x00000000c2620bb0,0x00000000c2b00000)
 Metaspace       used 9327K, capacity 9856K, committed 10112K, reserved 1058816K
  class space    used 1051K, capacity 1076K, committed 1152K, reserved 1048576K
GC Heap History (10 events):
Event: 0.905 GC heap before
{Heap before GC invocations=5 (full 0):
 PSYoungGen      total 6656K, used 6640K [0x00000000eb580000, 0x00000000ebc80000, 0x0000000100000000)
  eden space 6144K, 100% used [0x00000000eb580000,0x00000000ebb80000,0x00000000ebb80000)
  from space 512K, 96% used [0x00000000ebc00000,0x00000000ebc7c020,0x00000000ebc80000)
  to   space 512K, 0% used [0x00000000ebb80000,0x00000000ebb80000,0x00000000ebc00000)
 ParOldGen       total 5632K, used 983K [0x00000000c2000000, 0x00000000c2580000, 0x00000000eb580000)
  object space 5632K, 17% used [0x00000000c2000000,0x00000000c20f5c60,0x00000000c2580000)
 Metaspace       used 7123K, capacity 8052K, committed 8320K, reserved 1056768K
  class space    used 876K, capacity 880K, committed 896K, reserved 1048576K
Event: 0.913 GC heap after
Heap after GC invocations=5 (full 0):
 PSYoungGen      total 6656K, used 496K [0x00000000eb580000, 0x00000000ec880000, 0x0000000100000000)
  eden space 6144K, 0% used [0x00000000eb580000,0x00000000eb580000,0x00000000ebb80000)
  from space 512K, 96% used [0x00000000ebb80000,0x00000000ebbfc020,0x00000000ebc00000)
  to   space 3584K, 0% used [0x00000000ec500000,0x00000000ec500000,0x00000000ec880000)
 ParOldGen       total 5632K, used 4793K [0x00000000c2000000, 0x00000000c2580000, 0x00000000eb580000)
  object space 5632K, 85% used [0x00000000c2000000,0x00000000c24ae708,0x00000000c2580000)
 Metaspace       used 7123K, capacity 8052K, committed 8320K, reserved 1056768K
  class space    used 876K, capacity 880K, committed 896K, reserved 1048576K
}
Event: 0.913 GC heap before
{Heap before GC invocations=6 (full 1):
 PSYoungGen      total 6656K, used 496K [0x00000000eb580000, 0x00000000ec880000, 0x0000000100000000)
  eden space 6144K, 0% used [0x00000000eb580000,0x00000000eb580000,0x00000000ebb80000)
  from space 512K, 96% used [0x00000000ebb80000,0x00000000ebbfc020,0x00000000ebc00000)
  to   space 3584K, 0% used [0x00000000ec500000,0x00000000ec500000,0x00000000ec880000)
 ParOldGen       total 5632K, used 4793K [0x00000000c2000000, 0x00000000c2580000, 0x00000000eb580000)
  object space 5632K, 85% used [0x00000000c2000000,0x00000000c24ae708,0x00000000c2580000)
 Metaspace       used 7123K, capacity 8052K, committed 8320K, reserved 1056768K
  class space    used 876K, capacity 880K, committed 896K, reserved 1048576K
Event: 0.985 GC heap after
Heap after GC invocations=6 (full 1):
 PSYoungGen      total 6656K, used 0K [0x00000000eb580000, 0x00000000ec880000, 0x0000000100000000)
  eden space 6144K, 0% used [0x00000000eb580000,0x00000000eb580000,0x00000000ebb80000)
  from space 512K, 0% used [0x00000000ebb80000,0x00000000ebb80000,0x00000000ebc00000)
  to   space 3584K, 0% used [0x00000000ec500000,0x00000000ec500000,0x00000000ec880000)
 ParOldGen       total 11264K, used 5072K [0x00000000c2000000, 0x00000000c2b00000, 0x00000000eb580000)
  object space 11264K, 45% used [0x00000000c2000000,0x00000000c24f43a8,0x00000000c2b00000)
 Metaspace       used 7123K, capacity 8052K, committed 8320K, reserved 1056768K
  class space    used 876K, capacity 880K, committed 896K, reserved 1048576K
}
Event: 1.133 GC heap before
{Heap before GC invocations=7 (full 1):
 PSYoungGen      total 6656K, used 6144K [0x00000000eb580000, 0x00000000ec880000, 0x0000000100000000)
  eden space 6144K, 100% used [0x00000000eb580000,0x00000000ebb80000,0x00000000ebb80000)
  from space 512K, 0% used [0x00000000ebb80000,0x00000000ebb80000,0x00000000ebc00000)
  to   space 3584K, 0% used [0x00000000ec500000,0x00000000ec500000,0x00000000ec880000)
 ParOldGen       total 11264K, used 5072K [0x00000000c2000000, 0x00000000c2b00000, 0x00000000eb580000)
  object space 11264K, 45% used [0x00000000c2000000,0x00000000c24f43a8,0x00000000c2b00000)
 Metaspace       used 7220K, capacity 8148K, committed 8448K, reserved 1056768K
  class space    used 884K, capacity 912K, committed 1024K, reserved 1048576K
Event: 1.138 GC heap after
Heap after GC invocations=7 (full 1):
 PSYoungGen      total 10752K, used 2755K [0x00000000eb580000, 0x00000000ec800000, 0x0000000100000000)
  eden space 7680K, 0% used [0x00000000eb580000,0x00000000eb580000,0x00000000ebd00000)
  from space 3072K, 89% used [0x00000000ec500000,0x00000000ec7b0c70,0x00000000ec800000)
  to   space 4096K, 0% used [0x00000000ec000000,0x00000000ec000000,0x00000000ec400000)
 ParOldGen       total 11264K, used 5080K [0x00000000c2000000, 0x00000000c2b00000, 0x00000000eb580000)
  object space 11264K, 45% used [0x00000000c2000000,0x00000000c24f63a8,0x00000000c2b00000)
 Metaspace       used 7220K, capacity 8148K, committed 8448K, reserved 1056768K
  class space    used 884K, capacity 912K, committed 1024K, reserved 1048576K
}
Event: 1.257 GC heap before
{Heap before GC invocations=8 (full 1):
 PSYoungGen      total 10752K, used 10435K [0x00000000eb580000, 0x00000000ec800000, 0x0000000100000000)
  eden space 7680K, 100% used [0x00000000eb580000,0x00000000ebd00000,0x00000000ebd00000)
  from space 3072K, 89% used [0x00000000ec500000,0x00000000ec7b0c70,0x00000000ec800000)
  to   space 4096K, 0% used [0x00000000ec000000,0x00000000ec000000,0x00000000ec400000)
 ParOldGen       total 11264K, used 5080K [0x00000000c2000000, 0x00000000c2b00000, 0x00000000eb580000)
  object space 11264K, 45% used [0x00000000c2000000,0x00000000c24f63a8,0x00000000c2b00000)
 Metaspace       used 7392K, capacity 8308K, committed 8448K, reserved 1056768K
  class space    used 892K, capacity 944K, committed 1024K, reserved 1048576K
Event: 1.264 GC heap after
Heap after GC invocations=8 (full 1):
 PSYoungGen      total 14336K, used 3557K [0x00000000eb580000, 0x00000000ec880000, 0x0000000100000000)
  eden space 10240K, 0% used [0x00000000eb580000,0x00000000eb580000,0x00000000ebf80000)
  from space 4096K, 86% used [0x00000000ec000000,0x00000000ec379778,0x00000000ec400000)
  to   space 4608K, 0% used [0x00000000ec400000,0x00000000ec400000,0x00000000ec880000)
 ParOldGen       total 11264K, used 5080K [0x00000000c2000000, 0x00000000c2b00000, 0x00000000eb580000)
  object space 11264K, 45% used [0x00000000c2000000,0x00000000c24f63a8,0x00000000c2b00000)
 Metaspace       used 7392K, capacity 8308K, committed 8448K, reserved 1056768K
  class space    used 892K, capacity 944K, committed 1024K, reserved 1048576K
}
Event: 2.164 GC heap before
{Heap before GC invocations=9 (full 1):
 PSYoungGen      total 14336K, used 13797K [0x00000000eb580000, 0x00000000ec880000, 0x0000000100000000)
  eden space 10240K, 100% used [0x00000000eb580000,0x00000000ebf80000,0x00000000ebf80000)
  from space 4096K, 86% used [0x00000000ec000000,0x00000000ec379778,0x00000000ec400000)
  to   space 4608K, 0% used [0x00000000ec400000,0x00000000ec400000,0x00000000ec880000)
 ParOldGen       total 11264K, used 5080K [0x00000000c2000000, 0x00000000c2b00000, 0x00000000eb580000)
  object space 11264K, 45% used [0x00000000c2000000,0x00000000c24f63a8,0x00000000c2b00000)
 Metaspace       used 9084K, capacity 9664K, committed 9856K, reserved 1058816K
  class space    used 1051K, capacity 1076K, committed 1152K, reserved 1048576K
Event: 2.173 GC heap after
Heap after GC invocations=9 (full 1):
 PSYoungGen      total 13312K, used 4601K [0x00000000eb580000, 0x00000000ece00000, 0x0000000100000000)
  eden space 8704K, 0% used [0x00000000eb580000,0x00000000eb580000,0x00000000ebe00000)
  from space 4608K, 99% used [0x00000000ec400000,0x00000000ec87e498,0x00000000ec880000)
  to   space 6144K, 0% used [0x00000000ebe00000,0x00000000ebe00000,0x00000000ec400000)
 ParOldGen       total 11264K, used 6274K [0x00000000c2000000, 0x00000000c2b00000, 0x00000000eb580000)
  object space 11264K, 55% used [0x00000000c2000000,0x00000000c2620bb0,0x00000000c2b00000)
 Metaspace       used 9084K, capacity 9664K, committed 9856K, reserved 1058816K
  class space    used 1051K, capacity 1076K, committed 1152K, reserved 1048576K
}

